Vivado Simulator v2024.1
Copyright 1986-2022 Xilinx, Inc. All Rights Reserved.
Copyright 2022-2024 Advanced Micro Devices, Inc. All Rights Reserved.
Running: C:/Xilinx/Vivado/2024.1/bin/unwrapped/win64.o/xelab.exe --incr --debug typical --relax --mt 2 -L xil_defaultlib -L unisims_ver -L secureip --snapshot TB_nexys_PIC_func_synth xil_defaultlib.TB_nexys_PIC xil_defaultlib.glbl -log elaborate.log 
Using 2 slave threads.
Starting static elaboration
Pass Through NonSizing Optimizer
Completed static elaboration
Starting simulation data flow analysis
Completed simulation data flow analysis
Time Resolution for simulation is 1ps
Compiling package std.standard
Compiling package std.textio
Compiling package ieee.std_logic_1164
Compiling package ieee.numeric_std
Compiling package xil_defaultlib.pic_pkg
Compiling package xil_defaultlib.rs232_test
Compiling package unisim.vcomponents
Compiling package ieee.vital_timing
Compiling package ieee.vital_primitives
Compiling package unisim.vpkg
Compiling package ieee.std_logic_arith
Compiling package ieee.std_logic_signed
Compiling package ieee.std_logic_textio
Compiling module xil_defaultlib.glbl
Compiling architecture obuf_v of entity unisim.OBUF [\OBUF(1,9)(1,7)(1,4)\]
Compiling architecture lut1_v of entity unisim.LUT1 [\LUT1(init="0001")(0,3)\]
Compiling architecture ibuf_v of entity unisim.IBUF [\IBUF(1,9)(1,1)(1,4)(1,7)\]
Compiling architecture obuft_v of entity unisim.OBUFT [\OBUFT(1,9)(1,7)(1,4)\]
Compiling architecture lut4_v of entity unisim.LUT4 [\LUT4(init="0010111100100000")(0...]
Compiling architecture lut3_v of entity unisim.LUT3 [\LUT3(init="01000000")(0,7)\]
Compiling architecture lut5_v of entity unisim.LUT5 [\LUT5(init="01001111111101000100...]
Compiling architecture lut2_v of entity unisim.LUT2 [\LUT2(init="0110")(0,3)\]
Compiling architecture lut6_v of entity unisim.LUT6 [\LUT6(init="11111111111111111111...]
Compiling architecture lut6_v of entity unisim.LUT6 [\LUT6(init="00000000000000001100...]
Compiling architecture lut2_v of entity unisim.LUT2 [\LUT2(init="1001")(0,3)\]
Compiling architecture lut6_v of entity unisim.LUT6 [\LUT6(init="00000000000000001100...]
Compiling architecture lut6_v of entity unisim.LUT6 [\LUT6(init="00100010111100101111...]
Compiling architecture lut6_v of entity unisim.LUT6 [\LUT6(init="11111111111111111111...]
Compiling architecture lut6_v of entity unisim.LUT6 [\LUT6(init="10101110111010101010...]
Compiling architecture lut5_v of entity unisim.LUT5 [\LUT5(init="01001111010011110100...]
Compiling architecture lut6_v of entity unisim.LUT6 [\LUT6(init="01000100111101000100...]
Compiling architecture lut6_v of entity unisim.LUT6 [\LUT6(init="00000000000000000000...]
Compiling architecture lut2_v of entity unisim.LUT2 [\LUT2(init="1000")(0,3)\]
Compiling architecture lut6_v of entity unisim.LUT6 [\LUT6(init="00100000000000000010...]
Compiling architecture fdce_v of entity unisim.FDCE [fdce_default]
Compiling architecture carry4_v of entity unisim.CARRY4 [carry4_default]
Compiling architecture lut6_v of entity unisim.LUT6 [\LUT6(init="00100000000000100000...]
Compiling architecture lut5_v of entity unisim.LUT5 [\LUT5(init="11111111111111111111...]
Compiling architecture lut6_v of entity unisim.LUT6 [\LUT6(init="10101010101010101010...]
Compiling architecture lut4_v of entity unisim.LUT4 [\LUT4(init="1001000000001001")(0...]
Compiling architecture lut4_v of entity unisim.LUT4 [\LUT4(init="1111111111111110")(0...]
Compiling architecture lut3_v of entity unisim.LUT3 [\LUT3(init="10111000")(0,7)\]
Compiling architecture ldce_v of entity unisim.LDCE [ldce_default]
Compiling architecture lut2_v of entity unisim.LUT2 [\LUT2(init="0010")(0,3)\]
Compiling architecture fdpe_v of entity unisim.FDPE [fdpe_default]
Compiling architecture lut4_v of entity unisim.LUT4 [\LUT4(init="0100111100000100")(0...]
Compiling architecture lut4_v of entity unisim.LUT4 [\LUT4(init="0100000011110100")(0...]
Compiling architecture structure of entity xil_defaultlib.ALU [alu_default]
Compiling architecture lut6_v of entity unisim.LUT6 [\LUT6(init="11111111011100001111...]
Compiling architecture lut6_v of entity unisim.LUT6 [\LUT6(init="11111111111111111111...]
Compiling architecture lut4_v of entity unisim.LUT4 [\LUT4(init="1000101010101010")(0...]
Compiling architecture lut6_v of entity unisim.LUT6 [\LUT6(init="11111111111111111111...]
Compiling architecture lut6_v of entity unisim.LUT6 [\LUT6(init="00000000000000000000...]
Compiling architecture lut6_v of entity unisim.LUT6 [\LUT6(init="11111111111111111111...]
Compiling architecture lut6_v of entity unisim.LUT6 [\LUT6(init="11111111111111111111...]
Compiling architecture lut4_v of entity unisim.LUT4 [\LUT4(init="1111111111101111")(0...]
Compiling architecture lut4_v of entity unisim.LUT4 [\LUT4(init="0100111101000100")(0...]
Compiling architecture lut5_v of entity unisim.LUT5 [\LUT5(init="11111111111111111111...]
Compiling architecture lut6_v of entity unisim.LUT6 [\LUT6(init="01000000000000000000...]
Compiling architecture lut5_v of entity unisim.LUT5 [\LUT5(init="10101110101011101111...]
Compiling architecture lut6_v of entity unisim.LUT6 [\LUT6(init="11111111111111111111...]
Compiling architecture lut5_v of entity unisim.LUT5 [\LUT5(init="00000000001000110000...]
Compiling architecture lut6_v of entity unisim.LUT6 [\LUT6(init="11111111111111111111...]
Compiling architecture lut6_v of entity unisim.LUT6 [\LUT6(init="11111111111111111111...]
Compiling architecture lut6_v of entity unisim.LUT6 [\LUT6(init="11111111111111111111...]
Compiling architecture lut2_v of entity unisim.LUT2 [\LUT2(init="1110")(0,3)\]
Compiling architecture lut6_v of entity unisim.LUT6 [\LUT6(init="11111111111111101111...]
Compiling architecture lut6_v of entity unisim.LUT6 [\LUT6(init="11111111111111111111...]
Compiling architecture lut6_v of entity unisim.LUT6 [\LUT6(init="11111111111111111110...]
Compiling architecture lut6_v of entity unisim.LUT6 [\LUT6(init="00000000000000000000...]
Compiling architecture lut6_v of entity unisim.LUT6 [\LUT6(init="11111111111111111110...]
Compiling architecture lut5_v of entity unisim.LUT5 [\LUT5(init="10101010101010101010...]
Compiling architecture lut6_v of entity unisim.LUT6 [\LUT6(init="01000100111101001111...]
Compiling architecture lut6_v of entity unisim.LUT6 [\LUT6(init="10101010101011101010...]
Compiling architecture lut6_v of entity unisim.LUT6 [\LUT6(init="10001000100000001010...]
Compiling architecture lut6_v of entity unisim.LUT6 [\LUT6(init="11001000000000001111...]
Compiling architecture lut6_v of entity unisim.LUT6 [\LUT6(init="00000000000000000000...]
Compiling architecture lut6_v of entity unisim.LUT6 [\LUT6(init="00000000000000000000...]
Compiling architecture lut6_v of entity unisim.LUT6 [\LUT6(init="00000000000000000000...]
Compiling architecture lut5_v of entity unisim.LUT5 [\LUT5(init="00000000000000000000...]
Compiling architecture lut6_v of entity unisim.LUT6 [\LUT6(init="11111111111111111111...]
Compiling architecture lut4_v of entity unisim.LUT4 [\LUT4(init="1111111111111101")(0...]
Compiling architecture lut6_v of entity unisim.LUT6 [\LUT6(init="11011101111111111101...]
Compiling architecture lut6_v of entity unisim.LUT6 [\LUT6(init="00000000000000100000...]
Compiling architecture lut6_v of entity unisim.LUT6 [\LUT6(init="00000000000011010000...]
Compiling architecture lut6_v of entity unisim.LUT6 [\LUT6(init="10000000100010001000...]
Compiling architecture lut5_v of entity unisim.LUT5 [\LUT5(init="11111110111111111111...]
Compiling architecture lut5_v of entity unisim.LUT5 [\LUT5(init="11111111111111111111...]
Compiling architecture lut6_v of entity unisim.LUT6 [\LUT6(init="11111101000000000000...]
Compiling architecture lut6_v of entity unisim.LUT6 [\LUT6(init="00000000000000000000...]
Compiling architecture lut6_v of entity unisim.LUT6 [\LUT6(init="00001100000000000000...]
Compiling architecture lut4_v of entity unisim.LUT4 [\LUT4(init="1111111111110111")(0...]
Compiling architecture lut6_v of entity unisim.LUT6 [\LUT6(init="00000000000000000000...]
Compiling architecture lut3_v of entity unisim.LUT3 [\LUT3(init="10111010")(0,7)\]
Compiling architecture lut6_v of entity unisim.LUT6 [\LUT6(init="00000000001100000000...]
Compiling architecture lut6_v of entity unisim.LUT6 [\LUT6(init="00000000000000001110...]
Compiling architecture lut6_v of entity unisim.LUT6 [\LUT6(init="00101010000000001010...]
Compiling architecture lut6_v of entity unisim.LUT6 [\LUT6(init="10101010101010100000...]
Compiling architecture lut6_v of entity unisim.LUT6 [\LUT6(init="00011111000011000001...]
Compiling architecture lut6_v of entity unisim.LUT6 [\LUT6(init="11111111111111111111...]
Compiling architecture lut6_v of entity unisim.LUT6 [\LUT6(init="11111111000111101111...]
Compiling architecture lut4_v of entity unisim.LUT4 [\LUT4(init="0000000100000000")(0...]
Compiling architecture lut6_v of entity unisim.LUT6 [\LUT6(init="11111111000001001111...]
Compiling architecture lut6_v of entity unisim.LUT6 [\LUT6(init="11111111111111110000...]
Compiling architecture lut6_v of entity unisim.LUT6 [\LUT6(init="00000000100010000000...]
Compiling architecture lut6_v of entity unisim.LUT6 [\LUT6(init="11001100110011001111...]
Compiling architecture lut6_v of entity unisim.LUT6 [\LUT6(init="00000000000000000000...]
Compiling architecture lut6_v of entity unisim.LUT6 [\LUT6(init="00001000000010000000...]
Compiling architecture lut6_v of entity unisim.LUT6 [\LUT6(init="00001000111111111111...]
Compiling architecture lut6_v of entity unisim.LUT6 [\LUT6(init="11111111010101111111...]
Compiling architecture lut6_v of entity unisim.LUT6 [\LUT6(init="11111111000000001111...]
Compiling architecture lut6_v of entity unisim.LUT6 [\LUT6(init="10101010101010101010...]
Compiling architecture lut4_v of entity unisim.LUT4 [\LUT4(init="0110111101100110")(0...]
Compiling architecture lut6_v of entity unisim.LUT6 [\LUT6(init="11111111101011101111...]
Compiling architecture lut6_v of entity unisim.LUT6 [\LUT6(init="11001100110010001100...]
Compiling architecture lut5_v of entity unisim.LUT5 [\LUT5(init="00111111001100100011...]
Compiling architecture lut5_v of entity unisim.LUT5 [\LUT5(init="11111111100011001100...]
Compiling architecture lut6_v of entity unisim.LUT6 [\LUT6(init="11111111111111111111...]
Compiling architecture lut4_v of entity unisim.LUT4 [\LUT4(init="1111111111011111")(0...]
Compiling architecture lut6_v of entity unisim.LUT6 [\LUT6(init="11111111101010111111...]
Compiling architecture lut6_v of entity unisim.LUT6 [\LUT6(init="01001111010011110100...]
Compiling architecture lut6_v of entity unisim.LUT6 [\LUT6(init="01001111010011110100...]
Compiling architecture lut6_v of entity unisim.LUT6 [\LUT6(init="00000000000000000100...]
Compiling architecture lut5_v of entity unisim.LUT5 [\LUT5(init="11011111010101010000...]
Compiling architecture lut6_v of entity unisim.LUT6 [\LUT6(init="01000101010000000100...]
Compiling architecture lut6_v of entity unisim.LUT6 [\LUT6(init="11111111111111101111...]
Compiling architecture lut6_v of entity unisim.LUT6 [\LUT6(init="11100010111111111110...]
Compiling architecture lut2_v of entity unisim.LUT2 [\LUT2(init="1011")(0,3)\]
Compiling architecture lut5_v of entity unisim.LUT5 [\LUT5(init="00000000000000010000...]
Compiling architecture lut6_v of entity unisim.LUT6 [\LUT6(init="11101111111011101110...]
Compiling architecture lut6_v of entity unisim.LUT6 [\LUT6(init="00000000000000000000...]
Compiling architecture lut6_v of entity unisim.LUT6 [\LUT6(init="11111111111111111111...]
Compiling architecture lut5_v of entity unisim.LUT5 [\LUT5(init="11111111101111110000...]
Compiling architecture lut6_v of entity unisim.LUT6 [\LUT6(init="11111111111111111111...]
Compiling architecture lut5_v of entity unisim.LUT5 [\LUT5(init="00000000000100000000...]
Compiling architecture lut6_v of entity unisim.LUT6 [\LUT6(init="00001111111111111011...]
Compiling architecture lut6_v of entity unisim.LUT6 [\LUT6(init="00000000000000000000...]
Compiling architecture lut6_v of entity unisim.LUT6 [\LUT6(init="11111111111111111111...]
Compiling architecture lut6_v of entity unisim.LUT6 [\LUT6(init="11111111111111111111...]
Compiling architecture lut3_v of entity unisim.LUT3 [\LUT3(init="10111111")(0,7)\]
Compiling architecture lut3_v of entity unisim.LUT3 [\LUT3(init="00001000")(0,7)\]
Compiling architecture lut6_v of entity unisim.LUT6 [\LUT6(init="10101100111111111010...]
Compiling architecture lut3_v of entity unisim.LUT3 [\LUT3(init="11101111")(0,7)\]
Compiling architecture lut4_v of entity unisim.LUT4 [\LUT4(init="0000000000000100")(0...]
Compiling architecture fdre_v of entity unisim.FDRE [fdre_default]
Compiling architecture lut6_v of entity unisim.LUT6 [\LUT6(init="00000100000000000000...]
Compiling architecture lut3_v of entity unisim.LUT3 [\LUT3(init="00000111")(0,7)\]
Compiling architecture lut6_v of entity unisim.LUT6 [\LUT6(init="11111111111111111111...]
Compiling architecture lut5_v of entity unisim.LUT5 [\LUT5(init="11111111100011111111...]
Compiling architecture lut5_v of entity unisim.LUT5 [\LUT5(init="00000000000000000000...]
Compiling architecture lut6_v of entity unisim.LUT6 [\LUT6(init="10001000100010001000...]
Compiling architecture lut6_v of entity unisim.LUT6 [\LUT6(init="00000000000000000000...]
Compiling architecture lut6_v of entity unisim.LUT6 [\LUT6(init="11111111111111111111...]
Compiling architecture lut6_v of entity unisim.LUT6 [\LUT6(init="11101110111011101010...]
Compiling architecture lut6_v of entity unisim.LUT6 [\LUT6(init="11111111111111111111...]
Compiling architecture lut5_v of entity unisim.LUT5 [\LUT5(init="11110100111101001111...]
Compiling architecture lut6_v of entity unisim.LUT6 [\LUT6(init="00010100000000001111...]
Compiling architecture lut6_v of entity unisim.LUT6 [\LUT6(init="11111111111111111111...]
Compiling architecture lut3_v of entity unisim.LUT3 [\LUT3(init="11001110")(0,7)\]
Compiling architecture lut6_v of entity unisim.LUT6 [\LUT6(init="11111111111111111111...]
Compiling architecture lut6_v of entity unisim.LUT6 [\LUT6(init="01001111010011110100...]
Compiling architecture lut6_v of entity unisim.LUT6 [\LUT6(init="11111111110111011101...]
Compiling architecture lut5_v of entity unisim.LUT5 [\LUT5(init="10101010100010001010...]
Compiling architecture lut2_v of entity unisim.LUT2 [\LUT2(init="0111")(0,3)\]
Compiling architecture lut6_v of entity unisim.LUT6 [\LUT6(init="11111111111101001111...]
Compiling architecture lut4_v of entity unisim.LUT4 [\LUT4(init="1010100010001000")(0...]
Compiling architecture lut6_v of entity unisim.LUT6 [\LUT6(init="01000100010001001111...]
Compiling architecture lut4_v of entity unisim.LUT4 [\LUT4(init="0001000000000000")(0...]
Compiling architecture lut6_v of entity unisim.LUT6 [\LUT6(init="01010101010101011010...]
Compiling architecture lut3_v of entity unisim.LUT3 [\LUT3(init="10000000")(0,7)\]
Compiling architecture lut3_v of entity unisim.LUT3 [\LUT3(init="11010111")(0,7)\]
Compiling architecture lut6_v of entity unisim.LUT6 [\LUT6(init="11111110111111111111...]
Compiling architecture lut3_v of entity unisim.LUT3 [\LUT3(init="11110100")(0,7)\]
Compiling architecture lut6_v of entity unisim.LUT6 [\LUT6(init="10100010001000100010...]
Compiling architecture lut6_v of entity unisim.LUT6 [\LUT6(init="00010001111100010001...]
Compiling architecture lut5_v of entity unisim.LUT5 [\LUT5(init="11011100110111001101...]
Compiling architecture lut6_v of entity unisim.LUT6 [\LUT6(init="11011100110111001101...]
Compiling architecture lut6_v of entity unisim.LUT6 [\LUT6(init="01111111111111111111...]
Compiling architecture lut6_v of entity unisim.LUT6 [\LUT6(init="11110101111100001111...]
Compiling architecture lut4_v of entity unisim.LUT4 [\LUT4(init="1000000010101010")(0...]
Compiling architecture lut6_v of entity unisim.LUT6 [\LUT6(init="11111111111111110000...]
Compiling architecture lut5_v of entity unisim.LUT5 [\LUT5(init="11111111111111101111...]
Compiling architecture lut6_v of entity unisim.LUT6 [\LUT6(init="11111111000000001111...]
Compiling architecture lut6_v of entity unisim.LUT6 [\LUT6(init="11111111111111111111...]
Compiling architecture lut6_v of entity unisim.LUT6 [\LUT6(init="11111111000000001111...]
Compiling architecture lut6_v of entity unisim.LUT6 [\LUT6(init="11111111111111111111...]
Compiling architecture lut6_v of entity unisim.LUT6 [\LUT6(init="11111111111111111111...]
Compiling architecture lut4_v of entity unisim.LUT4 [\LUT4(init="1011101010001010")(0...]
Compiling architecture lut4_v of entity unisim.LUT4 [\LUT4(init="1111101100001000")(0...]
Compiling architecture lut5_v of entity unisim.LUT5 [\LUT5(init="01000100010001001111...]
Compiling architecture lut6_v of entity unisim.LUT6 [\LUT6(init="00000000000000000000...]
Compiling architecture lut6_v of entity unisim.LUT6 [\LUT6(init="11111111000000001111...]
Compiling architecture lut6_v of entity unisim.LUT6 [\LUT6(init="11111111111111111111...]
Compiling architecture lut6_v of entity unisim.LUT6 [\LUT6(init="11111111000000001111...]
Compiling architecture lut6_v of entity unisim.LUT6 [\LUT6(init="11111111111111111111...]
Compiling architecture lut6_v of entity unisim.LUT6 [\LUT6(init="11111111111111101111...]
Compiling architecture lut5_v of entity unisim.LUT5 [\LUT5(init="00000000000000000000...]
Compiling architecture lut6_v of entity unisim.LUT6 [\LUT6(init="11111111111110111111...]
Compiling architecture lut6_v of entity unisim.LUT6 [\LUT6(init="11111111111101111111...]
Compiling architecture lut6_v of entity unisim.LUT6 [\LUT6(init="11111111111111111111...]
Compiling architecture lut4_v of entity unisim.LUT4 [\LUT4(init="1011111110000000")(0...]
Compiling architecture lut4_v of entity unisim.LUT4 [\LUT4(init="1110001010101010")(0...]
Compiling architecture lut6_v of entity unisim.LUT6 [\LUT6(init="11111111010000001011...]
Compiling architecture lut6_v of entity unisim.LUT6 [\LUT6(init="11111111101111111111...]
Compiling architecture lut6_v of entity unisim.LUT6 [\LUT6(init="11111111011111111111...]
Compiling architecture lut6_v of entity unisim.LUT6 [\LUT6(init="11111111000000011111...]
Compiling architecture lut6_v of entity unisim.LUT6 [\LUT6(init="11111111000000011111...]
Compiling architecture lut6_v of entity unisim.LUT6 [\LUT6(init="11111111000000101111...]
Compiling architecture lut6_v of entity unisim.LUT6 [\LUT6(init="11111111111111011111...]
Compiling architecture lut6_v of entity unisim.LUT6 [\LUT6(init="11111111000001001111...]
Compiling architecture lut6_v of entity unisim.LUT6 [\LUT6(init="11111111000001001111...]
Compiling architecture lut4_v of entity unisim.LUT4 [\LUT4(init="1110101000101010")(0...]
Compiling architecture lut4_v of entity unisim.LUT4 [\LUT4(init="1100101010101010")(0...]
Compiling architecture lut6_v of entity unisim.LUT6 [\LUT6(init="11111111010000001111...]
Compiling architecture lut6_v of entity unisim.LUT6 [\LUT6(init="11111111100000001111...]
Compiling architecture lut5_v of entity unisim.LUT5 [\LUT5(init="00000000000000000000...]
Compiling architecture lut6_v of entity unisim.LUT6 [\LUT6(init="11111111000000001111...]
Compiling architecture lut5_v of entity unisim.LUT5 [\LUT5(init="11111111111111111111...]
Compiling architecture lut6_v of entity unisim.LUT6 [\LUT6(init="11111111000000001111...]
Compiling architecture lut5_v of entity unisim.LUT5 [\LUT5(init="11111111111111111111...]
Compiling architecture lut6_v of entity unisim.LUT6 [\LUT6(init="11111111000010001111...]
Compiling architecture lut6_v of entity unisim.LUT6 [\LUT6(init="11111111111011111111...]
Compiling architecture lut6_v of entity unisim.LUT6 [\LUT6(init="11111111100000000111...]
Compiling architecture lut6_v of entity unisim.LUT6 [\LUT6(init="11111111000000101111...]
Compiling architecture lut5_v of entity unisim.LUT5 [\LUT5(init="00000000000000000000...]
Compiling architecture lut6_v of entity unisim.LUT6 [\LUT6(init="00000000000000000000...]
Compiling architecture lut6_v of entity unisim.LUT6 [\LUT6(init="11111111111111111111...]
Compiling architecture lut6_v of entity unisim.LUT6 [\LUT6(init="11111111111111111111...]
Compiling architecture lut5_v of entity unisim.LUT5 [\LUT5(init="11111111111111111111...]
Compiling architecture lut6_v of entity unisim.LUT6 [\LUT6(init="11111111111111111111...]
Compiling architecture lut6_v of entity unisim.LUT6 [\LUT6(init="11000000000000000000...]
Compiling architecture lut6_v of entity unisim.LUT6 [\LUT6(init="00000000000000000000...]
Compiling architecture lut6_v of entity unisim.LUT6 [\LUT6(init="00000000010000000000...]
Compiling architecture lut6_v of entity unisim.LUT6 [\LUT6(init="01010101010101000101...]
Compiling architecture lut6_v of entity unisim.LUT6 [\LUT6(init="00000000001100010000...]
Compiling architecture lut6_v of entity unisim.LUT6 [\LUT6(init="11101111111011111110...]
Compiling architecture lut5_v of entity unisim.LUT5 [\LUT5(init="01111101111111111111...]
Compiling architecture lut6_v of entity unisim.LUT6 [\LUT6(init="11101111111011111110...]
Compiling architecture lut6_v of entity unisim.LUT6 [\LUT6(init="00000000000000000000...]
Compiling architecture lut5_v of entity unisim.LUT5 [\LUT5(init="11111111111011111111...]
Compiling architecture lut5_v of entity unisim.LUT5 [\LUT5(init="11111111111111111111...]
Compiling architecture lut3_v of entity unisim.LUT3 [\LUT3(init="11011111")(0,7)\]
Compiling architecture lut6_v of entity unisim.LUT6 [\LUT6(init="00100010001011111111...]
Compiling architecture lut5_v of entity unisim.LUT5 [\LUT5(init="00010000000100000001...]
Compiling architecture lut5_v of entity unisim.LUT5 [\LUT5(init="11111111111111110100...]
Compiling architecture lut6_v of entity unisim.LUT6 [\LUT6(init="10001000100010001000...]
Compiling architecture lut6_v of entity unisim.LUT6 [\LUT6(init="10101001010101101100...]
Compiling architecture lut6_v of entity unisim.LUT6 [\LUT6(init="00010110100110110000...]
Compiling architecture lut6_v of entity unisim.LUT6 [\LUT6(init="00000000100100000000...]
Compiling architecture lut6_v of entity unisim.LUT6 [\LUT6(init="01010100001010010000...]
Compiling architecture lut6_v of entity unisim.LUT6 [\LUT6(init="00000001100000000101...]
Compiling architecture lut6_v of entity unisim.LUT6 [\LUT6(init="00000000000000000000...]
Compiling architecture lut6_v of entity unisim.LUT6 [\LUT6(init="10000000110000000001...]
Compiling architecture lut6_v of entity unisim.LUT6 [\LUT6(init="00011001100011100100...]
Compiling architecture lut6_v of entity unisim.LUT6 [\LUT6(init="11101001001110100110...]
Compiling architecture lut6_v of entity unisim.LUT6 [\LUT6(init="00100000110111011000...]
Compiling architecture lut6_v of entity unisim.LUT6 [\LUT6(init="00000100010110000001...]
Compiling architecture lut6_v of entity unisim.LUT6 [\LUT6(init="00000000000011010000...]
Compiling architecture lut6_v of entity unisim.LUT6 [\LUT6(init="01001000110010000100...]
Compiling architecture lut6_v of entity unisim.LUT6 [\LUT6(init="00101100000010000001...]
Compiling architecture lut6_v of entity unisim.LUT6 [\LUT6(init="00010001011010000010...]
Compiling architecture lut6_v of entity unisim.LUT6 [\LUT6(init="01000100110011100101...]
Compiling architecture lut6_v of entity unisim.LUT6 [\LUT6(init="01100000101010101010...]
Compiling architecture lut6_v of entity unisim.LUT6 [\LUT6(init="10000000100010010011...]
Compiling architecture lut6_v of entity unisim.LUT6 [\LUT6(init="00000011001100010010...]
Compiling architecture lut6_v of entity unisim.LUT6 [\LUT6(init="10000000010010100101...]
Compiling architecture lut6_v of entity unisim.LUT6 [\LUT6(init="01101000100001110000...]
Compiling architecture lut6_v of entity unisim.LUT6 [\LUT6(init="01000001000100000000...]
Compiling architecture lut6_v of entity unisim.LUT6 [\LUT6(init="00001100100000011000...]
Compiling architecture lut6_v of entity unisim.LUT6 [\LUT6(init="10100101010100110001...]
Compiling architecture lut6_v of entity unisim.LUT6 [\LUT6(init="00000000000000000000...]
Compiling architecture lut6_v of entity unisim.LUT6 [\LUT6(init="00000000000000000000...]
Compiling architecture lut6_v of entity unisim.LUT6 [\LUT6(init="00000000000000000000...]
Compiling architecture lut6_v of entity unisim.LUT6 [\LUT6(init="00000000000000000000...]
Compiling architecture lut6_v of entity unisim.LUT6 [\LUT6(init="00000000000000000000...]
Compiling architecture lut6_v of entity unisim.LUT6 [\LUT6(init="00000000000000000000...]
Compiling architecture lut6_v of entity unisim.LUT6 [\LUT6(init="00000000000000000000...]
Compiling architecture lut6_v of entity unisim.LUT6 [\LUT6(init="00000000000000000000...]
Compiling architecture lut6_v of entity unisim.LUT6 [\LUT6(init="01010101010101010101...]
Compiling architecture lut6_v of entity unisim.LUT6 [\LUT6(init="11111111111111111111...]
Compiling architecture lut2_v of entity unisim.LUT2 [\LUT2(init="0001")(0,3)\]
Compiling architecture lut6_v of entity unisim.LUT6 [\LUT6(init="11101111111111111111...]
Compiling architecture lut4_v of entity unisim.LUT4 [\LUT4(init="0000000001000000")(0...]
Compiling architecture structure of entity xil_defaultlib.CPU [cpu_default]
Compiling architecture lut3_v of entity unisim.LUT3 [\LUT3(init="10000010")(0,7)\]
Compiling architecture fdce_v of entity unisim.FDCE [\FDCE(init='1')\]
Compiling architecture lut5_v of entity unisim.LUT5 [\LUT5(init="10100000101010100100...]
Compiling architecture lut6_v of entity unisim.LUT6 [\LUT6(init="11111111100011110000...]
Compiling architecture lut3_v of entity unisim.LUT3 [\LUT3(init="00000110")(0,7)\]
Compiling architecture lut6_v of entity unisim.LUT6 [\LUT6(init="00001111000011111111...]
Compiling architecture lut3_v of entity unisim.LUT3 [\LUT3(init="00010000")(0,7)\]
Compiling architecture lut3_v of entity unisim.LUT3 [\LUT3(init="01110001")(0,7)\]
Compiling architecture lut3_v of entity unisim.LUT3 [\LUT3(init="00000100")(0,7)\]
Compiling architecture lut5_v of entity unisim.LUT5 [\LUT5(init="10101010101010101010...]
Compiling architecture lut3_v of entity unisim.LUT3 [\LUT3(init="00000010")(0,7)\]
Compiling architecture lut6_v of entity unisim.LUT6 [\LUT6(init="00001000000000000000...]
Compiling architecture lut5_v of entity unisim.LUT5 [\LUT5(init="00000000000000000000...]
Compiling architecture lut6_v of entity unisim.LUT6 [\LUT6(init="00000000000000000000...]
Compiling architecture lut4_v of entity unisim.LUT4 [\LUT4(init="0000000000000001")(0...]
Compiling architecture lut6_v of entity unisim.LUT6 [\LUT6(init="11111111111111111111...]
Compiling architecture lut6_v of entity unisim.LUT6 [\LUT6(init="10101010101010101110...]
Compiling architecture lut6_v of entity unisim.LUT6 [\LUT6(init="00000000000011010000...]
Compiling architecture lut6_v of entity unisim.LUT6 [\LUT6(init="11111111111111111111...]
Compiling architecture lut6_v of entity unisim.LUT6 [\LUT6(init="00000000000001001111...]
Compiling architecture lut3_v of entity unisim.LUT3 [\LUT3(init="11111101")(0,7)\]
Compiling architecture lut3_v of entity unisim.LUT3 [\LUT3(init="11111011")(0,7)\]
Compiling architecture lut6_v of entity unisim.LUT6 [\LUT6(init="01110011110000000111...]
Compiling architecture lut6_v of entity unisim.LUT6 [\LUT6(init="00000000000000000000...]
Compiling architecture lut1_v of entity unisim.LUT1 [\LUT1(init="0010")(0,3)\]
Compiling architecture structure of entity xil_defaultlib.DMA [dma_default]
Compiling architecture lut6_v of entity unisim.LUT6 [\LUT6(init="00000001000001001111...]
Compiling architecture lut4_v of entity unisim.LUT4 [\LUT4(init="0000000100000100")(0...]
Compiling architecture lut6_v of entity unisim.LUT6 [\LUT6(init="11111100011000001111...]
Compiling architecture lut4_v of entity unisim.LUT4 [\LUT4(init="1111110001100000")(0...]
Compiling architecture lut6_v of entity unisim.LUT6 [\LUT6(init="10101010100011001111...]
Compiling architecture lut4_v of entity unisim.LUT4 [\LUT4(init="1010101010001100")(0...]
Compiling architecture lut6_v of entity unisim.LUT6 [\LUT6(init="00001001000001001111...]
Compiling architecture lut4_v of entity unisim.LUT4 [\LUT4(init="0000100100000100")(0...]
Compiling architecture lut6_v of entity unisim.LUT6 [\LUT6(init="00000010101110101111...]
Compiling architecture lut4_v of entity unisim.LUT4 [\LUT4(init="0000001010111010")(0...]
Compiling architecture lut6_v of entity unisim.LUT6 [\LUT6(init="01010100000000000101...]
Compiling architecture lut4_v of entity unisim.LUT4 [\LUT4(init="1011111110101010")(0...]
Compiling architecture lut6_v of entity unisim.LUT6 [\LUT6(init="00000000100100011111...]
Compiling architecture lut4_v of entity unisim.LUT4 [\LUT4(init="0000000010010001")(0...]
Compiling architecture muxf7_v of entity unisim.MUXF7 [muxf7_default]
Compiling architecture lut6_v of entity unisim.LUT6 [\LUT6(init="10101111101000001100...]
Compiling architecture muxf8_v of entity unisim.MUXF8 [muxf8_default]
Compiling architecture structure of entity xil_defaultlib.RAM_ES [ram_es_default]
Compiling architecture ram128x1s_v of entity unisim.RAM128X1S [ram128x1s_default]
Compiling architecture ram64x1s_v of entity unisim.RAM64X1S [ram64x1s_default]
Compiling architecture structure of entity xil_defaultlib.RAM_PG [ram_pg_default]
Compiling architecture structure of entity xil_defaultlib.RAM_top [ram_top_default]
Compiling architecture structure of entity xil_defaultlib.ROM [rom_default]
Compiling architecture gnd_v of entity unisim.GND [gnd_default]
Compiling architecture lut3_v of entity unisim.LUT3 [\LUT3(init="10101110")(0,7)\]
Compiling architecture fdre_v of entity unisim.FDRE [\FDRE(init='1')\]
Compiling architecture structure of entity xil_defaultlib.fifo_rd_status_flags_ss [fifo_rd_status_flags_ss_default]
Compiling architecture lut3_v of entity unisim.LUT3 [\LUT3(init="01111000")(0,7)\]
Compiling architecture lut4_v of entity unisim.LUT4 [\LUT4(init="0111111110000000")(0...]
Compiling architecture lut5_v of entity unisim.LUT5 [\LUT5(init="01111111111111111000...]
Compiling architecture lut6_v of entity unisim.LUT6 [\LUT6(init="01111111111111111111...]
Compiling architecture fdse_v of entity unisim.FDSE [fdse_default]
Compiling architecture lut6_v of entity unisim.LUT6 [\LUT6(init="11111111111110101111...]
Compiling architecture lut6_v of entity unisim.LUT6 [\LUT6(init="10000010000000000000...]
Compiling architecture lut6_v of entity unisim.LUT6 [\LUT6(init="11111111111111111111...]
Compiling architecture lut4_v of entity unisim.LUT4 [\LUT4(init="0110111111110110")(0...]
Compiling architecture lut6_v of entity unisim.LUT6 [\LUT6(init="10101010101010101111...]
Compiling architecture lut6_v of entity unisim.LUT6 [\LUT6(init="00100000000000000000...]
Compiling architecture lut6_v of entity unisim.LUT6 [\LUT6(init="10010000000010011001...]
Compiling architecture lut6_v of entity unisim.LUT6 [\LUT6(init="10010000000010010000...]
Compiling architecture structure of entity xil_defaultlib.fifo_rd_bin_cntr [fifo_rd_bin_cntr_default]
Compiling architecture structure of entity xil_defaultlib.fifo_rd_logic [fifo_rd_logic_default]
Compiling architecture lut4_v of entity unisim.LUT4 [\LUT4(init="1101000000001101")(0...]
Compiling architecture structure of entity xil_defaultlib.fifo_wr_status_flags_ss [fifo_wr_status_flags_ss_default]
Compiling architecture structure of entity xil_defaultlib.fifo_wr_bin_cntr [fifo_wr_bin_cntr_default]
Compiling architecture structure of entity xil_defaultlib.fifo_wr_logic [fifo_wr_logic_default]
Compiling architecture rb18_internal_vhdl_v of entity unisim.RB18_INTERNAL_VHDL [\RB18_INTERNAL_VHDL(bram_size=18...]
Compiling architecture ramb18e1_v of entity unisim.RAMB18E1 [\RAMB18E1(ram_mode="SDP",read_wi...]
Compiling architecture structure of entity xil_defaultlib.fifo_blk_mem_gen_prim_wrapper [fifo_blk_mem_gen_prim_wrapper_de...]
Compiling architecture structure of entity xil_defaultlib.fifo_blk_mem_gen_prim_width [fifo_blk_mem_gen_prim_width_defa...]
Compiling architecture structure of entity xil_defaultlib.fifo_blk_mem_gen_generic_cstr [fifo_blk_mem_gen_generic_cstr_de...]
Compiling architecture structure of entity xil_defaultlib.fifo_blk_mem_gen_top [fifo_blk_mem_gen_top_default]
Compiling architecture structure of entity xil_defaultlib.fifo_blk_mem_gen_v8_4_8_synth [fifo_blk_mem_gen_v8_4_8_synth_de...]
Compiling architecture structure of entity xil_defaultlib.fifo_blk_mem_gen_v8_4_8 [fifo_blk_mem_gen_v8_4_8_default]
Compiling architecture structure of entity xil_defaultlib.fifo_memory [fifo_memory_default]
Compiling architecture structure of entity xil_defaultlib.fifo_generator_ramfifo [fifo_generator_ramfifo_default]
Compiling architecture structure of entity xil_defaultlib.fifo_generator_top [fifo_generator_top_default]
Compiling architecture structure of entity xil_defaultlib.fifo_generator_v13_2_10_synth [fifo_generator_v13_2_10_synth_de...]
Compiling architecture structure of entity xil_defaultlib.fifo_generator_v13_2_10 [fifo_generator_v13_2_10_default]
Compiling architecture structure of entity xil_defaultlib.fifo [fifo_default]
Compiling architecture lut3_v of entity unisim.LUT3 [\LUT3(init="01100000")(0,7)\]
Compiling architecture lut4_v of entity unisim.LUT4 [\LUT4(init="0111100000000000")(0...]
Compiling architecture lut5_v of entity unisim.LUT5 [\LUT5(init="11111110111111111111...]
Compiling architecture lut5_v of entity unisim.LUT5 [\LUT5(init="01111111000000000000...]
Compiling architecture lut6_v of entity unisim.LUT6 [\LUT6(init="10001000111110001111...]
Compiling architecture lut6_v of entity unisim.LUT6 [\LUT6(init="11111111000001001111...]
Compiling architecture lut4_v of entity unisim.LUT4 [\LUT4(init="0111111111111111")(0...]
Compiling architecture lut4_v of entity unisim.LUT4 [\LUT4(init="1111000001000100")(0...]
Compiling architecture lut4_v of entity unisim.LUT4 [\LUT4(init="1111111101111111")(0...]
Compiling architecture lut5_v of entity unisim.LUT5 [\LUT5(init="11111111111111111011...]
Compiling architecture lut3_v of entity unisim.LUT3 [\LUT3(init="00101000")(0,7)\]
Compiling architecture lut4_v of entity unisim.LUT4 [\LUT4(init="0010101010000000")(0...]
Compiling architecture lut5_v of entity unisim.LUT5 [\LUT5(init="00101010101010101000...]
Compiling architecture lut6_v of entity unisim.LUT6 [\LUT6(init="00101010101010101010...]
Compiling architecture lut5_v of entity unisim.LUT5 [\LUT5(init="10000000000000000000...]
Compiling architecture lut3_v of entity unisim.LUT3 [\LUT3(init="10000100")(0,7)\]
Compiling architecture lut4_v of entity unisim.LUT4 [\LUT4(init="1011000001000000")(0...]
Compiling architecture lut6_v of entity unisim.LUT6 [\LUT6(init="11111111111111111111...]
Compiling architecture lut5_v of entity unisim.LUT5 [\LUT5(init="01111111000000001000...]
Compiling architecture lut3_v of entity unisim.LUT3 [\LUT3(init="11100000")(0,7)\]
Compiling architecture structure of entity xil_defaultlib.rrx [rrx_default]
Compiling architecture structure of entity xil_defaultlib.shiftregister [shiftregister_default]
Compiling architecture lut3_v of entity unisim.LUT3 [\LUT3(init="11111110")(0,7)\]
Compiling architecture lut3_v of entity unisim.LUT3 [\LUT3(init="00000001")(0,7)\]
Compiling architecture lut6_v of entity unisim.LUT6 [\LUT6(init="00001100000011000000...]
Compiling architecture lut3_v of entity unisim.LUT3 [\LUT3(init="01111111")(0,7)\]
Compiling architecture lut3_v of entity unisim.LUT3 [\LUT3(init="01101010")(0,7)\]
Compiling architecture lut5_v of entity unisim.LUT5 [\LUT5(init="00000000000000000000...]
Compiling architecture lut4_v of entity unisim.LUT4 [\LUT4(init="1110111111111111")(0...]
Compiling architecture lut3_v of entity unisim.LUT3 [\LUT3(init="01010100")(0,7)\]
Compiling architecture lut6_v of entity unisim.LUT6 [\LUT6(init="00010101010101010101...]
Compiling architecture lut5_v of entity unisim.LUT5 [\LUT5(init="01111111111111111111...]
Compiling architecture lut4_v of entity unisim.LUT4 [\LUT4(init="1110000000001110")(0...]
Compiling architecture lut4_v of entity unisim.LUT4 [\LUT4(init="1101001000000000")(0...]
Compiling architecture lut3_v of entity unisim.LUT3 [\LUT3(init="00001110")(0,7)\]
Compiling architecture lut5_v of entity unisim.LUT5 [\LUT5(init="11011001110111011101...]
Compiling architecture lut6_v of entity unisim.LUT6 [\LUT6(init="00000000000000000011...]
Compiling architecture lut4_v of entity unisim.LUT4 [\LUT4(init="0000011000000000")(0...]
Compiling architecture lut5_v of entity unisim.LUT5 [\LUT5(init="00000000011110000000...]
Compiling architecture lut6_v of entity unisim.LUT6 [\LUT6(init="00000000000000000111...]
Compiling architecture structure of entity xil_defaultlib.trx [trx_default]
Compiling architecture structure of entity xil_defaultlib.RS232_top [rs232_top_default]
Compiling architecture structure of entity xil_defaultlib.PICtop [pictop_default]
Compiling architecture bufg_v of entity unisim.BUFG [bufg_default]
Compiling architecture mmcme2_adv_v of entity unisim.MMCME2_ADV [\MMCME2_ADV(clkfbout_mult_f=8.5,...]
Compiling architecture structure of entity xil_defaultlib.clk_wiz_0_clk_wiz [clk_wiz_0_clk_wiz_default]
Compiling architecture structure of entity xil_defaultlib.clk_wiz_0 [clk_wiz_0_default]
Compiling architecture lut6_v of entity unisim.LUT6 [\LUT6(init="11111111111111111011...]
Compiling architecture lut3_v of entity unisim.LUT3 [\LUT3(init="11111000")(0,7)\]
Compiling architecture lut6_v of entity unisim.LUT6 [\LUT6(init="00000000000000000000...]
Compiling architecture lut4_v of entity unisim.LUT4 [\LUT4(init="1000000000000000")(0...]
Compiling architecture lut6_v of entity unisim.LUT6 [\LUT6(init="10000000000000000000...]
Compiling architecture structure of entity xil_defaultlib.nexys_PIC [nexys_pic_default]
Compiling architecture testbench of entity xil_defaultlib.tb_nexys_pic
Built simulation snapshot TB_nexys_PIC_func_synth
