Vivado Simulator v2024.1
Copyright 1986-2022 Xilinx, Inc. All Rights Reserved.
Copyright 2022-2024 Advanced Micro Devices, Inc. All Rights Reserved.
Running: C:/Xilinx/Vivado/2024.1/bin/unwrapped/win64.o/xelab.exe --incr --debug typical --relax --mt 2 -L xil_defaultlib -L fifo_generator_v13_2_10 -L unisims_ver -L unimacro_ver -L secureip -L xpm --snapshot TB_nexys_RS232_behav xil_defaultlib.TB_nexys_RS232 xil_defaultlib.glbl -log elaborate.log 
Using 2 slave threads.
Starting static elaboration
Pass Through NonSizing Optimizer
Completed static elaboration
Starting simulation data flow analysis
Completed simulation data flow analysis
Time Resolution for simulation is 1ps
Compiling package std.standard
Compiling package std.textio
Compiling package ieee.std_logic_1164
Compiling package ieee.numeric_std
Compiling package vl.vl_types
Compiling module xil_defaultlib.glbl
Compiling module unisims_ver.IBUF
Compiling module unisims_ver.MMCME2_ADV(CLKFBOUT_MULT_F=8.5,C...
Compiling module unisims_ver.BUFG
Compiling module xil_defaultlib.clk_wiz_0_clk_wiz
Compiling module xil_defaultlib.clk_wiz_0
Compiling architecture behavioral of entity xil_defaultlib.trx [trx_default]
Compiling architecture behavioral of entity xil_defaultlib.rrx [rrx_default]
Compiling architecture a_shift_register of entity xil_defaultlib.shiftregister [shiftregister_default]
Compiling module fifo_generator_v13_2_10.fifo_generator_v13_2_10_bhv_ver_...
Compiling module fifo_generator_v13_2_10.fifo_generator_v13_2_10_CONV_VER...
Compiling module fifo_generator_v13_2_10.fifo_generator_vlog_beh(C_COMMON...
Compiling module xil_defaultlib.fifo
Compiling architecture rtl of entity xil_defaultlib.RS232top [rs232top_default]
Compiling architecture a_behavior of entity xil_defaultlib.nexys_RS232 [nexys_rs232_default]
Compiling architecture testbench of entity xil_defaultlib.tb_nexys_rs232
Built simulation snapshot TB_nexys_RS232_behav
